Added Component: Designator=CON1(4Pin≈≈’Î)
Add component. Clean all parameters for all variants
Added Component: Designator=CON2(4Pin≈≈’Î)
Add component. Clean all parameters for all variants
Added Component: Designator=CON3(3*4Ã˘∆¨∞¥≈•)
Add component. Clean all parameters for all variants
Added Component: Designator=U4(SHT30)
Add component. Clean all parameters for all variants
Added Net: Name=3V3A
Added Pin To Net: NetName=3V3 Pin=CON1-2
Added Pin To Net: NetName=3V3 Pin=CON2-1
Added Pin To Net: NetName=3V3 Pin=U4-5
Added Pin To Net: NetName=3V3 Pin=U4-6
Added Net: Name=3V3
Added Pin To Net: NetName=ADDR Pin=U4-2
Added Net: Name=ADDR
Added Pin To Net: NetName=Air_SCL Pin=CON1-3
Added Pin To Net: NetName=Air_SCL Pin=CON2-3
Added Pin To Net: NetName=Air_SCL Pin=U4-4
Added Net: Name=Air_SCL
Added Pin To Net: NetName=Air_SDA Pin=CON1-4
Added Pin To Net: NetName=Air_SDA Pin=CON2-4
Added Pin To Net: NetName=Air_SDA Pin=U4-1
Added Net: Name=Air_SDA
Added Pin To Net: NetName=ALERT Pin=U4-3
Added Net: Name=ALERT
Added Net: Name=CP_Rx
Added Net: Name=CP_Tx
Added Net: Name=DTR
Added Net: Name=EN
Added Net: Name=FLASH_CLK
Added Net: Name=FLASH_CS
Added Net: Name=FLASH_SD0
Added Net: Name=FLASH_SD1
Added Net: Name=FLASH_SD2
Added Net: Name=FLASH_SD3
Added Pin To Net: NetName=GND Pin=CON1-1
Added Pin To Net: NetName=GND Pin=CON2-2
Added Pin To Net: NetName=GND Pin=CON3-1
Added Pin To Net: NetName=GND Pin=U4-7
Added Pin To Net: NetName=GND Pin=U4-8
Added Pin To Net: NetName=GND Pin=U4-9
Added Net: Name=GND
Added Pin To Net: NetName=GPIO0 Pin=CON3-2
Added Net: Name=GPIO0
Added Net: Name=GPIO2
Added Net: Name=GPIO4
Added Net: Name=GPIO5
Added Net: Name=GPIO9
Added Net: Name=GPIO10
Added Net: Name=GPIO12
Added Net: Name=GPIO13
Added Net: Name=GPIO14
Added Net: Name=GPIO15
Added Net: Name=GPIO19
Added Net: Name=GPIO21
Added Net: Name=GPIO22
Added Net: Name=GPIO25
Added Net: Name=GPIO26
Added Net: Name=GPIO27
Added Net: Name=GPIO34
Added Net: Name=GPIO35
Added Net: Name=GPIO37
Added Net: Name=GPIO38
Added Net: Name=NetA1_1
Added Net: Name=NetC3_2
Added Net: Name=NetR1_2
Added Net: Name=NetR3_2
Added Net: Name=NetR4_2
Added Net: Name=NetR5_2
Added Net: Name=RTS
Added Net: Name=SENSOR_VN
Added Net: Name=SENSOR_VP
Added Net: Name=USB-PWR-DM
Added Net: Name=USB-PWR-DP
Added Net: Name=VDD_5V
Added Class: Name=AirTHD
